<?xml version="1.0" encoding="UTF-8"?>
<!-- Generated by org.testng.reporters.JUnitReportReporter -->
<testsuite hostname="Eva" failures="0" tests="2" name="com.tests.MyTestNGMavenClass" time="2.601" errors="0" timestamp="2020-04-20T13:01:20 IST" skipped="0">
  <testcase classname="com.tests.MyTestNGMavenClass" name="navigateToMethod" time="2.579"/>
  <system-out/>
  <testcase classname="com.tests.MyTestNGMavenClass" name="getTitleMethod" time="0.022"/>
  <system-out/>
</testsuite> <!-- com.tests.MyTestNGMavenClass -->
